<?xml version="1.0" encoding="UTF-8"?>
<!-- Generated by org.testng.reporters.JUnitXMLReporter -->
<testsuite hostname="Lenovo-PC" ignored="0" name="AssignmentLogs" tests="89" failures="0" timestamp="2021-06-03T17:12:58 IST" time="361.753" errors="0">
  <testcase name="launchBrowser" time="7.103" classname="com.sgsoft.AssignsLogs.LogAssign_1"/>
  <testcase name="navigate" time="27.624" classname="com.sgsoft.AssignsLogs.LogAssign_1"/>
  <testcase name="login" time="4.52" classname="com.sgsoft.AssignsLogs.LogAssign_1"/>
  <testcase name="minimizeFlyOutWindow" time="0.451" classname="com.sgsoft.AssignsLogs.LogAssign_1"/>
  <testcase name="createUser" time="0.038" classname="com.sgsoft.AssignsLogs.LogAssign_1"/>
  <testcase name="deleteUser" time="0.103" classname="com.sgsoft.AssignsLogs.LogAssign_1"/>
  <testcase name="logout" time="0.045" classname="com.sgsoft.AssignsLogs.LogAssign_1"/>
  <testcase name="closeApplication" time="1.675" classname="com.sgsoft.AssignsLogs.LogAssign_1"/>
  <testcase name="launchBrowser" time="2.963" classname="com.sgsoft.AssignsLogs.LogAssign_2"/>
  <testcase name="navigate" time="8.85" classname="com.sgsoft.AssignsLogs.LogAssign_2"/>
  <testcase name="login" time="4.343" classname="com.sgsoft.AssignsLogs.LogAssign_2"/>
  <testcase name="minimizeFlyOutWindow" time="0.028" classname="com.sgsoft.AssignsLogs.LogAssign_2"/>
  <testcase name="createUser" time="0.036" classname="com.sgsoft.AssignsLogs.LogAssign_2"/>
  <testcase name="modifyUser" time="0.024" classname="com.sgsoft.AssignsLogs.LogAssign_2"/>
  <testcase name="deleteUser" time="0.016" classname="com.sgsoft.AssignsLogs.LogAssign_2"/>
  <testcase name="logout" time="0.032" classname="com.sgsoft.AssignsLogs.LogAssign_2"/>
  <testcase name="closeApplication" time="0.068" classname="com.sgsoft.AssignsLogs.LogAssign_2"/>
  <testcase name="launchBrowser" time="2.656" classname="com.sgsoft.AssignsLogs.LogAssign_3"/>
  <testcase name="navigate" time="33.391" classname="com.sgsoft.AssignsLogs.LogAssign_3"/>
  <testcase name="login" time="4.388" classname="com.sgsoft.AssignsLogs.LogAssign_3"/>
  <testcase name="minimizeFlyOutWindow" time="0.044" classname="com.sgsoft.AssignsLogs.LogAssign_3"/>
  <testcase name="createCustomer" time="0.029" classname="com.sgsoft.AssignsLogs.LogAssign_3"/>
  <testcase name="deleteCustomer" time="0.029" classname="com.sgsoft.AssignsLogs.LogAssign_3"/>
  <testcase name="logout" time="0.028" classname="com.sgsoft.AssignsLogs.LogAssign_3"/>
  <testcase name="closeApplication" time="2.192" classname="com.sgsoft.AssignsLogs.LogAssign_3"/>
  <testcase name="launchBrowser" time="2.301" classname="com.sgsoft.AssignsLogs.LogAssign_4"/>
  <testcase name="navigate" time="7.603" classname="com.sgsoft.AssignsLogs.LogAssign_4"/>
  <testcase name="login" time="4.628" classname="com.sgsoft.AssignsLogs.LogAssign_4"/>
  <testcase name="minimizeFlyOutWindow" time="0.228" classname="com.sgsoft.AssignsLogs.LogAssign_4"/>
  <testcase name="createCustomer" time="0.05" classname="com.sgsoft.AssignsLogs.LogAssign_4"/>
  <testcase name="modifyCustomer" time="24.719" classname="com.sgsoft.AssignsLogs.LogAssign_4"/>
  <testcase name="deleteCustomer" time="1.893" classname="com.sgsoft.AssignsLogs.LogAssign_4"/>
  <testcase name="logout" time="2.959" classname="com.sgsoft.AssignsLogs.LogAssign_4"/>
  <testcase name="closeApplication" time="0.081" classname="com.sgsoft.AssignsLogs.LogAssign_4"/>
  <testcase name="launchBrowser" time="2.86" classname="com.sgsoft.AssignsLogs.LogAssign_5"/>
  <testcase name="navigate" time="5.961" classname="com.sgsoft.AssignsLogs.LogAssign_5"/>
  <testcase name="login" time="4.46" classname="com.sgsoft.AssignsLogs.LogAssign_5"/>
  <testcase name="minimizeFlyOutWindow" time="0.022" classname="com.sgsoft.AssignsLogs.LogAssign_5"/>
  <testcase name="createCustomer" time="0.027" classname="com.sgsoft.AssignsLogs.LogAssign_5"/>
  <testcase name="createProject" time="0.021" classname="com.sgsoft.AssignsLogs.LogAssign_5"/>
  <testcase name="deleteProject" time="2.4" classname="com.sgsoft.AssignsLogs.LogAssign_5"/>
  <testcase name="deleteCustomer" time="0.025" classname="com.sgsoft.AssignsLogs.LogAssign_5"/>
  <testcase name="logout" time="0.024" classname="com.sgsoft.AssignsLogs.LogAssign_5"/>
  <testcase name="closeApplication" time="0.021" classname="com.sgsoft.AssignsLogs.LogAssign_5"/>
  <testcase name="launchBrowser" time="2.662" classname="com.sgsoft.AssignsLogs.LogAssign_6"/>
  <testcase name="navigate" time="39.526" classname="com.sgsoft.AssignsLogs.LogAssign_6"/>
  <testcase name="login" time="4.33" classname="com.sgsoft.AssignsLogs.LogAssign_6"/>
  <testcase name="minimizeFlyOutWindow" time="0.022" classname="com.sgsoft.AssignsLogs.LogAssign_6"/>
  <testcase name="createCustomer" time="0.037" classname="com.sgsoft.AssignsLogs.LogAssign_6"/>
  <testcase name="createProject" time="0.025" classname="com.sgsoft.AssignsLogs.LogAssign_6"/>
  <testcase name="modifyProject" time="11.684" classname="com.sgsoft.AssignsLogs.LogAssign_6"/>
  <testcase name="deleteProject" time="8.239" classname="com.sgsoft.AssignsLogs.LogAssign_6"/>
  <testcase name="deleteCustomer" time="0.033" classname="com.sgsoft.AssignsLogs.LogAssign_6"/>
  <testcase name="logout" time="0.024" classname="com.sgsoft.AssignsLogs.LogAssign_6"/>
  <testcase name="closeApplication" time="0.026" classname="com.sgsoft.AssignsLogs.LogAssign_6"/>
  <testcase name="launchBrowser" time="3.085" classname="com.sgsoft.AssignsLogs.LogAssign_7"/>
  <testcase name="navigate" time="62.732" classname="com.sgsoft.AssignsLogs.LogAssign_7"/>
  <testcase name="login" time="4.311" classname="com.sgsoft.AssignsLogs.LogAssign_7"/>
  <testcase name="minimizeFlyOutWindow" time="0.035" classname="com.sgsoft.AssignsLogs.LogAssign_7"/>
  <testcase name="createCustomer" time="0.029" classname="com.sgsoft.AssignsLogs.LogAssign_7"/>
  <testcase name="createProject" time="0.052" classname="com.sgsoft.AssignsLogs.LogAssign_7"/>
  <testcase name="createTask" time="0.06" classname="com.sgsoft.AssignsLogs.LogAssign_7"/>
  <testcase name="deleteTasks" time="8.542" classname="com.sgsoft.AssignsLogs.LogAssign_7"/>
  <testcase name="deleteProject" time="3.32" classname="com.sgsoft.AssignsLogs.LogAssign_7"/>
  <testcase name="deleteCustomer" time="0.029" classname="com.sgsoft.AssignsLogs.LogAssign_7"/>
  <testcase name="logout" time="2.737" classname="com.sgsoft.AssignsLogs.LogAssign_7"/>
  <testcase name="closeApplication" time="0.208" classname="com.sgsoft.AssignsLogs.LogAssign_7"/>
  <testcase name="launchBrowser" time="3.073" classname="com.sgsoft.AssignsLogs.AdvancedAssign1"/>
  <testcase name="navigate" time="4.969" classname="com.sgsoft.AssignsLogs.AdvancedAssign1"/>
  <testcase name="createUser1" time="9.12" classname="com.sgsoft.AssignsLogs.AdvancedAssign1"/>
  <testcase name="createUser2" time="0.035" classname="com.sgsoft.AssignsLogs.AdvancedAssign1"/>
  <testcase name="createUser3" time="0.014" classname="com.sgsoft.AssignsLogs.AdvancedAssign1"/>
  <testcase name="loginLogout" time="3.416" classname="com.sgsoft.AssignsLogs.AdvancedAssign1"/>
  <testcase name="deleteUser1" time="1.122" classname="com.sgsoft.AssignsLogs.AdvancedAssign1"/>
  <testcase name="deleteUser2" time="0.027" classname="com.sgsoft.AssignsLogs.AdvancedAssign1"/>
  <testcase name="deleteUser3" time="0.017" classname="com.sgsoft.AssignsLogs.AdvancedAssign1"/>
  <testcase name="closeApplication" time="0.071" classname="com.sgsoft.AssignsLogs.AdvancedAssign1"/>
  <testcase name="launchBrowser" time="2.453" classname="com.sgsoft.AssignsLogs.AdvancedAssign2"/>
  <testcase name="navigate" time="6.625" classname="com.sgsoft.AssignsLogs.AdvancedAssign2"/>
  <testcase name="createUser1" time="8.59" classname="com.sgsoft.AssignsLogs.AdvancedAssign2"/>
  <testcase name="createUser2" time="1.173" classname="com.sgsoft.AssignsLogs.AdvancedAssign2"/>
  <testcase name="createUser3" time="1.148" classname="com.sgsoft.AssignsLogs.AdvancedAssign2"/>
  <testcase name="modifyUser1" time="1.115" classname="com.sgsoft.AssignsLogs.AdvancedAssign2"/>
  <testcase name="modifyUser2" time="1.141" classname="com.sgsoft.AssignsLogs.AdvancedAssign2"/>
  <testcase name="modifyUser3" time="1.154" classname="com.sgsoft.AssignsLogs.AdvancedAssign2"/>
  <testcase name="deleteUser3" time="1.143" classname="com.sgsoft.AssignsLogs.AdvancedAssign2"/>
  <testcase name="deleteUser2" time="1.142" classname="com.sgsoft.AssignsLogs.AdvancedAssign2"/>
  <testcase name="deleteUser1" time="1.129" classname="com.sgsoft.AssignsLogs.AdvancedAssign2"/>
  <testcase name="closeApplication" time="0.076" classname="com.sgsoft.AssignsLogs.AdvancedAssign2"/>
</testsuite> <!-- AssignmentLogs -->
