<?xml version="1.0" encoding="UTF-8"?>
<!-- Generated by org.testng.reporters.JUnitXMLReporter -->
<testsuite hostname="Lenovo-PC" ignored="0" name="Assignment" tests="82" failures="0" timestamp="2021-06-02T14:31:58 IST" time="444.264" errors="0">
  <testcase name="launchBrowser" time="3.707" classname="com.sgsoft.TestNGAssigns.Assign1"/>
  <testcase name="navigate" time="4.24" classname="com.sgsoft.TestNGAssigns.Assign1"/>
  <testcase name="login" time="4.059" classname="com.sgsoft.TestNGAssigns.Assign1"/>
  <testcase name="createUser" time="1.166" classname="com.sgsoft.TestNGAssigns.Assign1"/>
  <testcase name="deleteUser" time="0.023" classname="com.sgsoft.TestNGAssigns.Assign1"/>
  <testcase name="logout" time="1.093" classname="com.sgsoft.TestNGAssigns.Assign1"/>
  <testcase name="closeApplication" time="0.076" classname="com.sgsoft.TestNGAssigns.Assign1"/>
  <testcase name="launchBrowser" time="2.565" classname="com.sgsoft.TestNGAssigns.Assign2"/>
  <testcase name="navigate" time="8.252" classname="com.sgsoft.TestNGAssigns.Assign2"/>
  <testcase name="login" time="4.465" classname="com.sgsoft.TestNGAssigns.Assign2"/>
  <testcase name="createUser" time="1.098" classname="com.sgsoft.TestNGAssigns.Assign2"/>
  <testcase name="modifyUser" time="0.04" classname="com.sgsoft.TestNGAssigns.Assign2"/>
  <testcase name="deleteUser" time="0.02" classname="com.sgsoft.TestNGAssigns.Assign2"/>
  <testcase name="logout" time="1.082" classname="com.sgsoft.TestNGAssigns.Assign2"/>
  <testcase name="closeApplication" time="0.078" classname="com.sgsoft.TestNGAssigns.Assign2"/>
  <testcase name="launchBrowser" time="3.076" classname="com.sgsoft.TestNGAssigns.Assign3"/>
  <testcase name="navigate" time="14.304" classname="com.sgsoft.TestNGAssigns.Assign3"/>
  <testcase name="login" time="4.039" classname="com.sgsoft.TestNGAssigns.Assign3"/>
  <testcase name="createCustomer" time="1.12" classname="com.sgsoft.TestNGAssigns.Assign3"/>
  <testcase name="deleteCustomer" time="0.035" classname="com.sgsoft.TestNGAssigns.Assign3"/>
  <testcase name="logout" time="1.169" classname="com.sgsoft.TestNGAssigns.Assign3"/>
  <testcase name="closeApplication" time="0.076" classname="com.sgsoft.TestNGAssigns.Assign3"/>
  <testcase name="launchBrowser" time="2.772" classname="com.sgsoft.TestNGAssigns.Assign4"/>
  <testcase name="navigate" time="8.76" classname="com.sgsoft.TestNGAssigns.Assign4"/>
  <testcase name="login" time="3.756" classname="com.sgsoft.TestNGAssigns.Assign4"/>
  <testcase name="createCustomer" time="1.146" classname="com.sgsoft.TestNGAssigns.Assign4"/>
  <testcase name="modifyCustomer" time="0.045" classname="com.sgsoft.TestNGAssigns.Assign4"/>
  <testcase name="deleteCustomer" time="0.829" classname="com.sgsoft.TestNGAssigns.Assign4"/>
  <testcase name="logout" time="2.419" classname="com.sgsoft.TestNGAssigns.Assign4"/>
  <testcase name="closeApplication" time="0.25" classname="com.sgsoft.TestNGAssigns.Assign4"/>
  <testcase name="launchBrowser" time="4.212" classname="com.sgsoft.TestNGAssigns.Assign5"/>
  <testcase name="navigate" time="30.39" classname="com.sgsoft.TestNGAssigns.Assign5"/>
  <testcase name="login" time="6.05" classname="com.sgsoft.TestNGAssigns.Assign5"/>
  <testcase name="createCustomer" time="1.163" classname="com.sgsoft.TestNGAssigns.Assign5"/>
  <testcase name="createProject" time="0.036" classname="com.sgsoft.TestNGAssigns.Assign5"/>
  <testcase name="deleteProject" time="2.066" classname="com.sgsoft.TestNGAssigns.Assign5"/>
  <testcase name="deleteCustomer" time="0.029" classname="com.sgsoft.TestNGAssigns.Assign5"/>
  <testcase name="logout" time="2.68" classname="com.sgsoft.TestNGAssigns.Assign5"/>
  <testcase name="closeApplication" time="0.038" classname="com.sgsoft.TestNGAssigns.Assign5"/>
  <testcase name="launchBrowser" time="9.228" classname="com.sgsoft.TestNGAssigns.Assign6"/>
  <testcase name="navigate" time="27.327" classname="com.sgsoft.TestNGAssigns.Assign6"/>
  <testcase name="login" time="22.916" classname="com.sgsoft.TestNGAssigns.Assign6"/>
  <testcase name="createCustomer" time="1.088" classname="com.sgsoft.TestNGAssigns.Assign6"/>
  <testcase name="createProject" time="0.852" classname="com.sgsoft.TestNGAssigns.Assign6"/>
  <testcase name="modifyProject" time="1.084" classname="com.sgsoft.TestNGAssigns.Assign6"/>
  <testcase name="deleteProject" time="2.044" classname="com.sgsoft.TestNGAssigns.Assign6"/>
  <testcase name="deleteCustomer" time="0.04" classname="com.sgsoft.TestNGAssigns.Assign6"/>
  <testcase name="logout" time="2.309" classname="com.sgsoft.TestNGAssigns.Assign6"/>
  <testcase name="closeApplication" time="0.036" classname="com.sgsoft.TestNGAssigns.Assign6"/>
  <testcase name="launchBrowser" time="10.195" classname="com.sgsoft.TestNGAssigns.Assign7"/>
  <testcase name="navigate" time="22.257" classname="com.sgsoft.TestNGAssigns.Assign7"/>
  <testcase name="login" time="18.446" classname="com.sgsoft.TestNGAssigns.Assign7"/>
  <testcase name="createCustomer" time="1.102" classname="com.sgsoft.TestNGAssigns.Assign7"/>
  <testcase name="createProject" time="0.2" classname="com.sgsoft.TestNGAssigns.Assign7"/>
  <testcase name="createTask" time="0.051" classname="com.sgsoft.TestNGAssigns.Assign7"/>
  <testcase name="deleteTasks" time="0.152" classname="com.sgsoft.TestNGAssigns.Assign7"/>
  <testcase name="deleteProject" time="2.065" classname="com.sgsoft.TestNGAssigns.Assign7"/>
  <testcase name="deleteCustomer" time="0.043" classname="com.sgsoft.TestNGAssigns.Assign7"/>
  <testcase name="logout" time="2.54" classname="com.sgsoft.TestNGAssigns.Assign7"/>
  <testcase name="closeApplication" time="0.031" classname="com.sgsoft.TestNGAssigns.Assign7"/>
  <testcase name="launchBrowser" time="4.563" classname="com.sgsoft.TestNGAssigns.AdvanceAssign1"/>
  <testcase name="navigate" time="32.461" classname="com.sgsoft.TestNGAssigns.AdvanceAssign1"/>
  <testcase name="createUser1" time="20.817" classname="com.sgsoft.TestNGAssigns.AdvanceAssign1"/>
  <testcase name="createUser2" time="0.107" classname="com.sgsoft.TestNGAssigns.AdvanceAssign1"/>
  <testcase name="createUser3" time="0.238" classname="com.sgsoft.TestNGAssigns.AdvanceAssign1"/>
  <testcase name="loginLogout" time="3.495" classname="com.sgsoft.TestNGAssigns.AdvanceAssign1"/>
  <testcase name="deleteUser1" time="1.195" classname="com.sgsoft.TestNGAssigns.AdvanceAssign1"/>
  <testcase name="deleteUser2" time="0.04" classname="com.sgsoft.TestNGAssigns.AdvanceAssign1"/>
  <testcase name="deleteUser3" time="0.238" classname="com.sgsoft.TestNGAssigns.AdvanceAssign1"/>
  <testcase name="closeApplication" time="0.069" classname="com.sgsoft.TestNGAssigns.AdvanceAssign1"/>
  <testcase name="launchBrowser" time="5.082" classname="com.sgsoft.TestNGAssigns.AdvanceAssign2"/>
  <testcase name="navigate" time="80.78" classname="com.sgsoft.TestNGAssigns.AdvanceAssign2"/>
  <testcase name="createUser1" time="34.402" classname="com.sgsoft.TestNGAssigns.AdvanceAssign2"/>
  <testcase name="createUser2" time="1.186" classname="com.sgsoft.TestNGAssigns.AdvanceAssign2"/>
  <testcase name="createUser3" time="5.795" classname="com.sgsoft.TestNGAssigns.AdvanceAssign2"/>
  <testcase name="modifyUser1" time="1.156" classname="com.sgsoft.TestNGAssigns.AdvanceAssign2"/>
  <testcase name="modifyUser2" time="1.13" classname="com.sgsoft.TestNGAssigns.AdvanceAssign2"/>
  <testcase name="modifyUser3" time="1.173" classname="com.sgsoft.TestNGAssigns.AdvanceAssign2"/>
  <testcase name="deleteUser3" time="1.17" classname="com.sgsoft.TestNGAssigns.AdvanceAssign2"/>
  <testcase name="deleteUser2" time="1.144" classname="com.sgsoft.TestNGAssigns.AdvanceAssign2"/>
  <testcase name="deleteUser1" time="1.127" classname="com.sgsoft.TestNGAssigns.AdvanceAssign2"/>
  <testcase name="closeApplication" time="0.077" classname="com.sgsoft.TestNGAssigns.AdvanceAssign2"/>
</testsuite> <!-- Assignment -->
