<?xml version="1.0" encoding="UTF-8"?>
<!-- Generated by org.testng.reporters.JUnitXMLReporter -->
<testsuite hostname="Lenovo-PC" ignored="0" name="Default test" tests="7" failures="0" timestamp="2021-09-08T23:14:22 IST" time="26.481" errors="0">
  <testcase name="launchBrowser" time="3.927" classname="com.sgsoft.TestNGAssigns.Assign1"/>
  <testcase name="navigate" time="6.927" classname="com.sgsoft.TestNGAssigns.Assign1"/>
  <testcase name="login" time="4.359" classname="com.sgsoft.TestNGAssigns.Assign1"/>
  <testcase name="createUser" time="8.652" classname="com.sgsoft.TestNGAssigns.Assign1"/>
  <testcase name="deleteUser" time="1.295" classname="com.sgsoft.TestNGAssigns.Assign1"/>
  <testcase name="logout" time="1.121" classname="com.sgsoft.TestNGAssigns.Assign1"/>
  <testcase name="closeApplication" time="0.106" classname="com.sgsoft.TestNGAssigns.Assign1"/>
</testsuite> <!-- Default test -->
